# JRE version: Java(TM) SE Runtime Environment (8.0_112-b15) (build 1.8.0_112-b15)
# Java VM: Java HotSpot(TM) Client VM (25.112-b15 mixed mode windows-x86 )
Heap:
 def new generation   total 4928K, used 2307K [0x04800000, 0x04d50000, 0x09d50000)
  eden space 4416K,  52% used [0x04800000, 0x04a3e1f0, 0x04c50000)
  from space 512K,   2% used [0x04c50000, 0x04c52de0, 0x04cd0000)
  to   space 512K,   0% used [0x04cd0000, 0x04cd0000, 0x04d50000)
 tenured generation   total 10944K, used 720K [0x09d50000, 0x0a800000, 0x14800000)
   the space 10944K,   6% used [0x09d50000, 0x09e043f8, 0x09e04400, 0x0a800000)
 Metaspace       used 2427K, capacity 2888K, committed 3008K, reserved 4480K
GC Heap History (10 events):
Event: 10.393 GC heap before
{Heap before GC invocations=53 (full 0):
 def new generation   total 4928K, used 4421K [0x04800000, 0x04d50000, 0x09d50000)
  eden space 4416K, 100% used [0x04800000, 0x04c50000, 0x04c50000)
  from space 512K,   1% used [0x04cd0000, 0x04cd1740, 0x04d50000)
  to   space 512K,   0% used [0x04c50000, 0x04c50000, 0x04cd0000)
 tenured generation   total 10944K, used 720K [0x09d50000, 0x0a800000, 0x14800000)
   the space 10944K,   6% used [0x09d50000, 0x09e043f8, 0x09e04400, 0x0a800000)
 Metaspace       used 2427K, capacity 2888K, committed 3008K, reserved 4480K
Event: 10.393 GC heap after
Heap after GC invocations=54 (full 0):
 def new generation   total 4928K, used 13K [0x04800000, 0x04d50000, 0x09d50000)
  eden space 4416K,   0% used [0x04800000, 0x04800000, 0x04c50000)
  from space 512K,   2% used [0x04c50000, 0x04c53560, 0x04cd0000)
  to   space 512K,   0% used [0x04cd0000, 0x04cd0000, 0x04d50000)
 tenured generation   total 10944K, used 720K [0x09d50000, 0x0a800000, 0x14800000)
   the space 10944K,   6% used [0x09d50000, 0x09e043f8, 0x09e04400, 0x0a800000)
 Metaspace       used 2427K, capacity 2888K, committed 3008K, reserved 4480K
}
Event: 10.427 GC heap before
{Heap before GC invocations=54 (full 0):
 def new generation   total 4928K, used 4429K [0x04800000, 0x04d50000, 0x09d50000)
  eden space 4416K, 100% used [0x04800000, 0x04c50000, 0x04c50000)
  from space 512K,   2% used [0x04c50000, 0x04c53560, 0x04cd0000)
  to   space 512K,   0% used [0x04cd0000, 0x04cd0000, 0x04d50000)
 tenured generation   total 10944K, used 720K [0x09d50000, 0x0a800000, 0x14800000)
   the space 10944K,   6% used [0x09d50000, 0x09e043f8, 0x09e04400, 0x0a800000)
 Metaspace       used 2427K, capacity 2888K, committed 3008K, reserved 4480K
Event: 10.427 GC heap after
Heap after GC invocations=55 (full 0):
 def new generation   total 4928K, used 10K [0x04800000, 0x04d50000, 0x09d50000)
  eden space 4416K,   0% used [0x04800000, 0x04800000, 0x04c50000)
  from space 512K,   2% used [0x04cd0000, 0x04cd2940, 0x04d50000)
  to   space 512K,   0% used [0x04c50000, 0x04c50000, 0x04cd0000)
 tenured generation   total 10944K, used 720K [0x09d50000, 0x0a800000, 0x14800000)
   the space 10944K,   6% used [0x09d50000, 0x09e043f8, 0x09e04400, 0x0a800000)
 Metaspace       used 2427K, capacity 2888K, committed 3008K, reserved 4480K
}
Event: 10.464 GC heap before
{Heap before GC invocations=55 (full 0):
 def new generation   total 4928K, used 4426K [0x04800000, 0x04d50000, 0x09d50000)
  eden space 4416K, 100% used [0x04800000, 0x04c50000, 0x04c50000)
  from space 512K,   2% used [0x04cd0000, 0x04cd2940, 0x04d50000)
  to   space 512K,   0% used [0x04c50000, 0x04c50000, 0x04cd0000)
 tenured generation   total 10944K, used 720K [0x09d50000, 0x0a800000, 0x14800000)
   the space 10944K,   6% used [0x09d50000, 0x09e043f8, 0x09e04400, 0x0a800000)
 Metaspace       used 2427K, capacity 2888K, committed 3008K, reserved 4480K
Event: 10.464 GC heap after
Heap after GC invocations=56 (full 0):
 def new generation   total 4928K, used 7K [0x04800000, 0x04d50000, 0x09d50000)
  eden space 4416K,   0% used [0x04800000, 0x04800000, 0x04c50000)
  from space 512K,   1% used [0x04c50000, 0x04c51cf0, 0x04cd0000)
  to   space 512K,   0% used [0x04cd0000, 0x04cd0000, 0x04d50000)
 tenured generation   total 10944K, used 720K [0x09d50000, 0x0a800000, 0x14800000)
   the space 10944K,   6% used [0x09d50000, 0x09e043f8, 0x09e04400, 0x0a800000)
 Metaspace       used 2427K, capacity 2888K, committed 3008K, reserved 4480K
}
Event: 10.498 GC heap before
{Heap before GC invocations=56 (full 0):
 def new generation   total 4928K, used 4423K [0x04800000, 0x04d50000, 0x09d50000)
  eden space 4416K, 100% used [0x04800000, 0x04c50000, 0x04c50000)
  from space 512K,   1% used [0x04c50000, 0x04c51cf0, 0x04cd0000)
  to   space 512K,   0% used [0x04cd0000, 0x04cd0000, 0x04d50000)
 tenured generation   total 10944K, used 720K [0x09d50000, 0x0a800000, 0x14800000)
   the space 10944K,   6% used [0x09d50000, 0x09e043f8, 0x09e04400, 0x0a800000)
 Metaspace       used 2427K, capacity 2888K, committed 3008K, reserved 4480K
Event: 10.498 GC heap after
Heap after GC invocations=57 (full 0):
 def new generation   total 4928K, used 11K [0x04800000, 0x04d50000, 0x09d50000)
  eden space 4416K,   0% used [0x04800000, 0x04800000, 0x04c50000)
  from space 512K,   2% used [0x04cd0000, 0x04cd2f40, 0x04d50000)
  to   space 512K,   0% used [0x04c50000, 0x04c50000, 0x04cd0000)
 tenured generation   total 10944K, used 720K [0x09d50000, 0x0a800000, 0x14800000)
   the space 10944K,   6% used [0x09d50000, 0x09e043f8, 0x09e04400, 0x0a800000)
 Metaspace       used 2427K, capacity 2888K, committed 3008K, reserved 4480K
}
Event: 10.533 GC heap before
{Heap before GC invocations=57 (full 0):
 def new generation   total 4928K, used 4427K [0x04800000, 0x04d50000, 0x09d50000)
  eden space 4416K, 100% used [0x04800000, 0x04c50000, 0x04c50000)
  from space 512K,   2% used [0x04cd0000, 0x04cd2f40, 0x04d50000)
  to   space 512K,   0% used [0x04c50000, 0x04c50000, 0x04cd0000)
 tenured generation   total 10944K, used 720K [0x09d50000, 0x0a800000, 0x14800000)
   the space 10944K,   6% used [0x09d50000, 0x09e043f8, 0x09e04400, 0x0a800000)
 Metaspace       used 2427K, capacity 2888K, committed 3008K, reserved 4480K
Event: 10.533 GC heap after
Heap after GC invocations=58 (full 0):
 def new generation   total 4928K, used 11K [0x04800000, 0x04d50000, 0x09d50000)
  eden space 4416K,   0% used [0x04800000, 0x04800000, 0x04c50000)
  from space 512K,   2% used [0x04c50000, 0x04c52de0, 0x04cd0000)
  to   space 512K,   0% used [0x04cd0000, 0x04cd0000, 0x04d50000)
 tenured generation   total 10944K, used 720K [0x09d50000, 0x0a800000, 0x14800000)
   the space 10944K,   6% used [0x09d50000, 0x09e043f8, 0x09e04400, 0x0a800000)
 Metaspace       used 2427K, capacity 2888K, committed 3008K, reserved 4480K
}

