# JRE version: Java(TM) SE Runtime Environment (8.0_112-b15) (build 1.8.0_112-b15)
# Java VM: Java HotSpot(TM) Client VM (25.112-b15 mixed mode windows-x86 )
Heap:
 def new generation   total 25728K, used 22912K [0x04800000, 0x063e0000, 0x09d50000)
  eden space 22912K, 100% used [0x04800000, 0x05e60000, 0x05e60000)
  from space 2816K,   0% used [0x05e60000, 0x05e60000, 0x06120000)
  to   space 2816K,  88% used [0x06120000, 0x0638f680, 0x063e0000)
 tenured generation   total 57068K, used 34240K [0x09d50000, 0x0d50b000, 0x14800000)
   the space 57068K,  59% used [0x09d50000, 0x0bec0000, 0x0bec0000, 0x0d50b000)
 Metaspace       used 3129K, capacity 3190K, committed 3264K, reserved 4480K
GC Heap History (10 events):
Event: 5.969 GC heap after
Heap after GC invocations=2 (full 0):
 def new generation   total 4928K, used 512K [0x04800000, 0x04d50000, 0x09d50000)
  eden space 4416K,   0% used [0x04800000, 0x04800000, 0x04c50000)
  from space 512K, 100% used [0x04c50000, 0x04cd0000, 0x04cd0000)
  to   space 512K,   0% used [0x04cd0000, 0x04cd0000, 0x04d50000)
 tenured generation   total 10944K, used 6298K [0x09d50000, 0x0a800000, 0x14800000)
   the space 10944K,  57% used [0x09d50000, 0x0a3768c8, 0x0a376a00, 0x0a800000)
 Metaspace       used 2316K, capacity 2760K, committed 2880K, reserved 4480K
}
Event: 5.970 GC heap before
{Heap before GC invocations=2 (full 0):
 def new generation   total 4928K, used 4928K [0x04800000, 0x04d50000, 0x09d50000)
  eden space 4416K, 100% used [0x04800000, 0x04c50000, 0x04c50000)
  from space 512K, 100% used [0x04c50000, 0x04cd0000, 0x04cd0000)
  to   space 512K,   0% used [0x04cd0000, 0x04cd0000, 0x04d50000)
 tenured generation   total 10944K, used 6298K [0x09d50000, 0x0a800000, 0x14800000)
   the space 10944K,  57% used [0x09d50000, 0x0a3768c8, 0x0a376a00, 0x0a800000)
 Metaspace       used 2316K, capacity 2760K, committed 2880K, reserved 4480K
Event: 5.981 GC heap after
Heap after GC invocations=3 (full 0):
 def new generation   total 4928K, used 511K [0x04800000, 0x04d50000, 0x09d50000)
  eden space 4416K,   0% used [0x04800000, 0x04800000, 0x04c50000)
  from space 512K,  99% used [0x04cd0000, 0x04d4fff8, 0x04d50000)
  to   space 512K,   0% used [0x04c50000, 0x04c50000, 0x04cd0000)
 tenured generation   total 10944K, used 10713K [0x09d50000, 0x0a800000, 0x14800000)
   the space 10944K,  97% used [0x09d50000, 0x0a7c6458, 0x0a7c6600, 0x0a800000)
 Metaspace       used 2316K, capacity 2760K, committed 2880K, reserved 4480K
}
Event: 5.982 GC heap before
{Heap before GC invocations=3 (full 0):
 def new generation   total 4928K, used 4927K [0x04800000, 0x04d50000, 0x09d50000)
  eden space 4416K, 100% used [0x04800000, 0x04c50000, 0x04c50000)
  from space 512K,  99% used [0x04cd0000, 0x04d4fff8, 0x04d50000)
  to   space 512K,   0% used [0x04c50000, 0x04c50000, 0x04cd0000)
 tenured generation   total 10944K, used 10713K [0x09d50000, 0x0a800000, 0x14800000)
   the space 10944K,  97% used [0x09d50000, 0x0a7c6458, 0x0a7c6600, 0x0a800000)
 Metaspace       used 2316K, capacity 2760K, committed 2880K, reserved 4480K
Event: 6.022 GC heap after
Heap after GC invocations=4 (full 1):
 def new generation   total 11456K, used 472K [0x04800000, 0x05460000, 0x09d50000)
  eden space 10240K,   4% used [0x04800000, 0x04876000, 0x05200000)
  from space 1216K,   0% used [0x05200000, 0x05200000, 0x05330000)
  to   space 1216K,   0% used [0x05330000, 0x05330000, 0x05460000)
 tenured generation   total 25280K, used 15168K [0x09d50000, 0x0b600000, 0x14800000)
   the space 25280K,  60% used [0x09d50000, 0x0ac20000, 0x0ac20000, 0x0b600000)
 Metaspace       used 2316K, capacity 2760K, committed 2880K, reserved 4480K
}
Event: 6.028 GC heap before
{Heap before GC invocations=4 (full 1):
 def new generation   total 11456K, used 10240K [0x04800000, 0x05460000, 0x09d50000)
  eden space 10240K, 100% used [0x04800000, 0x05200000, 0x05200000)
  from space 1216K,   0% used [0x05200000, 0x05200000, 0x05330000)
  to   space 1216K,   0% used [0x05330000, 0x05330000, 0x05460000)
 tenured generation   total 25280K, used 15168K [0x09d50000, 0x0b600000, 0x14800000)
   the space 25280K,  60% used [0x09d50000, 0x0ac20000, 0x0ac20000, 0x0b600000)
 Metaspace       used 2321K, capacity 2760K, committed 2880K, reserved 4480K
Event: 6.056 GC heap after
Heap after GC invocations=5 (full 1):
 def new generation   total 11456K, used 1216K [0x04800000, 0x05460000, 0x09d50000)
  eden space 10240K,   0% used [0x04800000, 0x04800000, 0x05200000)
  from space 1216K, 100% used [0x05330000, 0x05460000, 0x05460000)
  to   space 1216K,   0% used [0x05200000, 0x05200000, 0x05330000)
 tenured generation   total 25280K, used 23967K [0x09d50000, 0x0b600000, 0x14800000)
   the space 25280K,  94% used [0x09d50000, 0x0b4b7d30, 0x0b4b7e00, 0x0b600000)
 Metaspace       used 2321K, capacity 2760K, committed 2880K, reserved 4480K
}
Event: 6.060 GC heap before
{Heap before GC invocations=5 (full 1):
 def new generation   total 11456K, used 11456K [0x04800000, 0x05460000, 0x09d50000)
  eden space 10240K, 100% used [0x04800000, 0x05200000, 0x05200000)
  from space 1216K, 100% used [0x05330000, 0x05460000, 0x05460000)
  to   space 1216K,   0% used [0x05200000, 0x05200000, 0x05330000)
 tenured generation   total 25280K, used 23967K [0x09d50000, 0x0b600000, 0x14800000)
   the space 25280K,  94% used [0x09d50000, 0x0b4b7d30, 0x0b4b7e00, 0x0b600000)
 Metaspace       used 2321K, capacity 2760K, committed 2880K, reserved 4480K
Event: 6.153 GC heap after
Heap after GC invocations=6 (full 2):
 def new generation   total 25728K, used 1181K [0x04800000, 0x063e0000, 0x09d50000)
  eden space 22912K,   5% used [0x04800000, 0x04927588, 0x05e60000)
  from space 2816K,   0% used [0x05e60000, 0x05e60000, 0x06120000)
  to   space 2816K,   0% used [0x06120000, 0x06120000, 0x063e0000)
 tenured generation   total 57068K, used 34240K [0x09d50000, 0x0d50b000, 0x14800000)
   the space 57068K,  59% used [0x09d50000, 0x0bec0000, 0x0bec0000, 0x0d50b000)
 Metaspace       used 2321K, capacity 2760K, committed 2880K, reserved 4480K
}
Event: 27.250 GC heap before
{Heap before GC invocations=6 (full 2):
 def new generation   total 25728K, used 22912K [0x04800000, 0x063e0000, 0x09d50000)
  eden space 22912K, 100% used [0x04800000, 0x05e60000, 0x05e60000)
  from space 2816K,   0% used [0x05e60000, 0x05e60000, 0x06120000)
  to   space 2816K,   0% used [0x06120000, 0x06120000, 0x063e0000)
 tenured generation   total 57068K, used 34240K [0x09d50000, 0x0d50b000, 0x14800000)
   the space 57068K,  59% used [0x09d50000, 0x0bec0000, 0x0bec0000, 0x0d50b000)
 Metaspace       used 3129K, capacity 3190K, committed 3264K, reserved 4480K

